2024-12-13T00:08:22.629Z [INFO]: Server is running on port 5001
2024-12-13T00:09:30.229Z [ERROR]: Error fetching song with ID 263161: Request failed with status code 404
2024-12-13T00:09:30.810Z [ERROR]: Failed to save daily songs: value too long for type character varying(100)
2024-12-13T00:09:30.810Z [ERROR]: Error in getRandomSongs: Error: Failed to save daily songs: value too long for type character varying(100)
2024-12-13T00:10:06.354Z [ERROR]: Error fetching song with ID 264143: Request failed with status code 404
2024-12-13T00:10:08.366Z [ERROR]: Failed to save daily songs: value too long for type character varying(100)
2024-12-13T00:10:08.366Z [ERROR]: Error in getRandomSongs: Error: Failed to save daily songs: value too long for type character varying(100)
2024-12-13T00:10:35.465Z [ERROR]: Failed to save daily songs: value too long for type character varying(100)
2024-12-13T00:10:35.465Z [ERROR]: Error in getRandomSongs: Error: Failed to save daily songs: value too long for type character varying(100)
2024-12-13T00:12:09.825Z [ERROR]: Failed to save daily songs: value too long for type character varying(100)
2024-12-13T00:12:09.826Z [ERROR]: Error in getRandomSongs: Error: Failed to save daily songs: value too long for type character varying(100)
2024-12-13T00:17:32.558Z [ERROR]: Error in getComments: RangeError: Invalid time value
2024-12-13T00:17:34.568Z [ERROR]: Error in getComments: RangeError: Invalid time value
2024-12-13T00:17:35.627Z [ERROR]: Error in getComments: RangeError: Invalid time value
2024-12-13T00:18:20.394Z [INFO]: Server is running on port 5001
2024-12-13T00:18:40.915Z [ERROR]: Error fetching song with ID 295035: Request failed with status code 404
2024-12-13T00:18:41.794Z [ERROR]: Error fetching song with ID 241776: Request failed with status code 404
2024-12-13T00:18:41.940Z [ERROR]: Error fetching song with ID 251854: Request failed with status code 404
2024-12-13T00:18:42.019Z [ERROR]: Error fetching song with ID 224227: Request failed with status code 404
2024-12-13T00:18:42.112Z [ERROR]: Error fetching song with ID 156636: Request failed with status code 404
2024-12-13T01:26:06.092Z [INFO]: Server is running on port 5001
2024-12-13T01:27:06.774Z [ERROR]: Error fetching song with ID 218524: Request failed with status code 404
2024-12-13T01:34:48.031Z [INFO]: Server is running on port 5001
2024-12-13T01:36:55.424Z [INFO]: Server is running on port 5001
2024-12-13T01:58:34.906Z [INFO]: Server is running on port 5001
2024-12-13T02:03:30.297Z [INFO]: Server is running on port 5001
2024-12-13T02:07:51.663Z [ERROR]: Supabase Error: TypeError: fetch failed
2024-12-13T02:07:51.664Z [ERROR]: Error in getRandomSongs: Error: Failed to retrieve daily songs: TypeError: fetch failed
2024-12-13T02:08:14.640Z [INFO]: Server is running on port 5001
2024-12-13T02:24:40.505Z [INFO]: Server is running on port 5001
2024-12-13T02:27:09.010Z [INFO]: Server is running on port 5001
2024-12-13T02:27:09.929Z [INFO]: Server is running on port 5001
2024-12-13T02:27:20.920Z [INFO]: Saving 3 songs for date: 2024-12-14
2024-12-13T02:27:21.010Z [INFO]: Successfully saved songs for date: 2024-12-14
2024-12-13T02:27:25.958Z [INFO]: Saving 3 songs for date: 2024-12-11
2024-12-13T02:27:26.058Z [INFO]: Successfully saved songs for date: 2024-12-11
2024-12-13T02:28:13.725Z [ERROR]: Error fetching song with ID 279805: Request failed with status code 404
2024-12-13T02:28:14.481Z [INFO]: Saving 3 songs for date: 2024-12-15
2024-12-13T02:28:14.618Z [INFO]: Successfully saved songs for date: 2024-12-15
2024-12-13T02:30:15.925Z [INFO]: Server is running on port 5001
2024-12-13T02:30:38.134Z [INFO]: Server is running on port 5001
2024-12-13T02:36:45.915Z [INFO]: Server is running on port 5001
2024-12-13T02:42:05.773Z [INFO]: Associating comment with date: 2024-12-12
2024-12-13T02:42:12.402Z [INFO]: Associating comment with date: 2024-12-12
2024-12-13T02:47:43.713Z [INFO]: Associating comment with date: 2024-12-12
2024-12-13T02:49:34.346Z [INFO]: Associating comment with date: 2024-12-12
2024-12-13T02:50:15.532Z [INFO]: Associating comment with date: 2024-12-12
2024-12-13T02:52:15.740Z [INFO]: Associating comment with date: 2024-12-12
2024-12-13T02:52:59.498Z [INFO]: Associating comment with date: 2024-12-12
2024-12-13T02:53:11.961Z [INFO]: Associating comment with date: 2024-12-12
2024-12-13T02:57:51.512Z [INFO]: Server is running on port 5001
2024-12-13T02:58:08.544Z [INFO]: Server is running on port 5001
2024-12-13T03:01:26.351Z [INFO]: Server is running on port 5001
2024-12-13T03:02:55.056Z [INFO]: Server is running on port 5001
2024-12-13T03:02:56.702Z [INFO]: Associating comment with date: 2024-12-12
2024-12-13T03:03:05.816Z [INFO]: Associating comment with date: 2024-12-12
2024-12-13T03:07:42.829Z [ERROR]: Error fetching song with ID 233399: Request failed with status code 404
2024-12-13T03:07:43.322Z [INFO]: Saving 3 songs for date: 2024-12-10
2024-12-13T03:07:43.529Z [INFO]: Successfully saved songs for date: 2024-12-10
2024-12-13T03:07:44.077Z [ERROR]: Error fetching song with ID 239845: Request failed with status code 404
2024-12-13T03:07:44.707Z [ERROR]: Error fetching song with ID 63298: Request failed with status code 404
2024-12-13T03:07:45.287Z [INFO]: Saving 3 songs for date: 2024-12-09
2024-12-13T03:07:45.370Z [INFO]: Successfully saved songs for date: 2024-12-09
2024-12-13T03:07:48.049Z [INFO]: Saving 3 songs for date: 2024-12-08
2024-12-13T03:07:48.159Z [INFO]: Successfully saved songs for date: 2024-12-08
2024-12-13T03:08:51.719Z [INFO]: Saving 3 songs for date: 2024-12-09
2024-12-13T03:08:51.816Z [INFO]: Successfully saved songs for date: 2024-12-09
2024-12-13T03:08:56.439Z [INFO]: Saving 3 songs for date: 2024-12-12
2024-12-13T03:08:56.527Z [INFO]: Successfully saved songs for date: 2024-12-12
2024-12-13T03:09:22.213Z [ERROR]: Error fetching song with ID 114187: Request failed with status code 404
2024-12-13T03:09:23.320Z [INFO]: Saving 3 songs for date: 2024-12-12
2024-12-13T03:09:23.413Z [INFO]: Successfully saved songs for date: 2024-12-12
2024-12-13T03:09:29.429Z [ERROR]: Error fetching song with ID 248582: Request failed with status code 404
2024-12-13T03:09:29.709Z [INFO]: Saving 3 songs for date: 2024-12-13
2024-12-13T03:09:29.798Z [INFO]: Successfully saved songs for date: 2024-12-13
2024-12-13T03:15:43.618Z [ERROR]: Error fetching song with ID 158154: Request failed with status code 404
2024-12-13T03:15:44.354Z [ERROR]: Error fetching song with ID 121673: Request failed with status code 404
2024-12-13T03:15:44.434Z [ERROR]: Error fetching song with ID 289560: Request failed with status code 404
2024-12-13T03:15:45.287Z [INFO]: Saving 3 songs for date: 2024-12-14
2024-12-13T03:15:45.377Z [INFO]: Successfully saved songs for date: 2024-12-14
2024-12-13T03:17:51.033Z [INFO]: Associating comment with date: 2024-12-12
2024-12-13T03:19:03.418Z [INFO]: Associating comment with date: 2024-12-12
2024-12-13T03:19:08.426Z [INFO]: Associating comment with date: 2024-12-12
2024-12-13T03:19:14.930Z [INFO]: Associating comment with date: 2024-12-12
2024-12-13T03:19:23.130Z [INFO]: Associating comment with date: 2024-12-12
2024-12-13T03:19:33.128Z [INFO]: Associating comment with date: 2024-12-12
2024-12-13T03:20:04.799Z [ERROR]: Error fetching song with ID 270329: Request failed with status code 404
2024-12-13T03:20:06.229Z [INFO]: Saving 3 songs for date: 2024-12-10
2024-12-13T03:20:06.332Z [INFO]: Successfully saved songs for date: 2024-12-10
2024-12-13T03:20:08.150Z [INFO]: Saving 3 songs for date: 2024-12-11
2024-12-13T03:20:08.229Z [INFO]: Successfully saved songs for date: 2024-12-11
2024-12-13T03:21:25.067Z [ERROR]: Error fetching song with ID 290622: Request failed with status code 404
2024-12-13T03:21:25.991Z [INFO]: Saving 3 songs for date: 2024-12-12
2024-12-13T03:21:26.081Z [INFO]: Successfully saved songs for date: 2024-12-12
2024-12-13T03:21:39.242Z [INFO]: Associating comment with date: 2024-12-12
2024-12-13T03:22:55.794Z [INFO]: Associating comment with date: 2024-12-12
2024-12-13T03:23:04.164Z [INFO]: Associating comment with date: 2024-12-12
2024-12-13T03:23:10.492Z [INFO]: Associating comment with date: 2024-12-12
2024-12-13T03:23:36.389Z [INFO]: Saving 3 songs for date: 2024-12-11
2024-12-13T03:23:36.535Z [INFO]: Successfully saved songs for date: 2024-12-11
2024-12-13T03:23:44.944Z [INFO]: Saving 3 songs for date: 2024-12-10
2024-12-13T03:23:45.022Z [INFO]: Successfully saved songs for date: 2024-12-10
2024-12-13T03:25:37.498Z [ERROR]: Error fetching song with ID 279110: Request failed with status code 404
2024-12-13T03:25:38.318Z [INFO]: Saving 3 songs for date: 2024-12-13
2024-12-13T03:25:38.452Z [INFO]: Successfully saved songs for date: 2024-12-13
2024-12-13T03:25:49.927Z [INFO]: Associating comment with date: 2024-12-12
2024-12-13T03:25:54.166Z [ERROR]: Error fetching song with ID 240853: Request failed with status code 404
2024-12-13T03:25:54.270Z [ERROR]: Error fetching song with ID 44993: Request failed with status code 404
2024-12-13T03:25:55.675Z [INFO]: Saving 3 songs for date: 2024-12-14
2024-12-13T03:25:55.761Z [INFO]: Successfully saved songs for date: 2024-12-14
2024-12-13T03:25:56.689Z [ERROR]: Error fetching song with ID 296087: Request failed with status code 404
2024-12-13T03:25:56.789Z [ERROR]: Error fetching song with ID 267738: Request failed with status code 404
2024-12-13T03:25:57.165Z [INFO]: Saving 3 songs for date: 2024-12-15
2024-12-13T03:25:57.246Z [INFO]: Successfully saved songs for date: 2024-12-15
2024-12-13T03:25:58.768Z [INFO]: Saving 3 songs for date: 2024-12-16
2024-12-13T03:25:58.877Z [INFO]: Successfully saved songs for date: 2024-12-16
2024-12-13T03:26:04.278Z [ERROR]: Error fetching song with ID 269529: Request failed with status code 404
2024-12-13T03:26:04.390Z [ERROR]: Error fetching song with ID 86964: Request failed with status code 404
2024-12-13T03:26:04.439Z [ERROR]: Error fetching song with ID 255966: Request failed with status code 404
2024-12-13T03:26:04.922Z [ERROR]: Error fetching song with ID 217296: Request failed with status code 404
2024-12-13T03:26:04.993Z [ERROR]: Error fetching song with ID 294644: Request failed with status code 404
2024-12-13T03:26:05.563Z [INFO]: Saving 3 songs for date: 2024-12-07
2024-12-13T03:26:05.618Z [INFO]: Saving 3 songs for date: 2024-12-08
2024-12-13T03:26:05.640Z [INFO]: Successfully saved songs for date: 2024-12-07
2024-12-13T03:26:05.703Z [INFO]: Successfully saved songs for date: 2024-12-08
2024-12-13T03:26:05.823Z [INFO]: Saving 3 songs for date: 2024-12-06
2024-12-13T03:26:05.986Z [INFO]: Successfully saved songs for date: 2024-12-06
2024-12-13T03:26:09.055Z [INFO]: Saving 3 songs for date: 2024-12-05
2024-12-13T03:26:09.149Z [INFO]: Successfully saved songs for date: 2024-12-05
2024-12-13T03:36:53.048Z [INFO]: Server is running on port 5001
2024-12-13T03:37:02.609Z [INFO]: Server is running on port 5001
2024-12-13T03:40:35.063Z [INFO]: Server is running on port 5001
2024-12-13T03:40:56.266Z [INFO]: Server is running on port 5001
2024-12-13T03:41:13.771Z [INFO]: Server is running on port 5001
2024-12-13T03:41:21.515Z [INFO]: Server is running on port 5001
2024-12-13T03:43:53.933Z [INFO]: Server is running on port 5001
2024-12-13T03:44:51.039Z [INFO]: Server is running on port 5001
2024-12-13T03:44:55.978Z [INFO]: Server is running on port 5001
2024-12-13T03:48:46.171Z [INFO]: Server is running on port 5001
2024-12-13T03:50:23.328Z [INFO]: Server is running on port 5001
2024-12-13T03:50:31.461Z [INFO]: Server is running on port 5001
